<?xml version="1.0" encoding="UTF-8"?>
<testng-results ignored="0" total="1" passed="1" failed="0" skipped="0">
  <reporter-output>
  </reporter-output>
  <suite started-at="2020-05-31T03:00:49 PDT" name="Surefire suite" finished-at="2020-05-31T03:00:56 PDT" duration-ms="7114">
    <groups>
    </groups>
    <test started-at="2020-05-31T03:00:49 PDT" name="Surefire test" finished-at="2020-05-31T03:00:56 PDT" duration-ms="7114">
      <class name="tests.HomePageTest">
        <test-method is-config="true" signature="oneTimeSetUp()[pri:0, instance:tests.HomePageTest@5a56cdac]" started-at="2020-05-31T03:00:49 PDT" name="oneTimeSetUp" finished-at="2020-05-31T03:00:50 PDT" duration-ms="1294" status="PASS">
          <reporter-output>
          </reporter-output>
        </test-method> <!-- oneTimeSetUp -->
        <test-method signature="openHomePage()[pri:0, instance:tests.HomePageTest@5a56cdac]" started-at="2020-05-31T03:00:50 PDT" name="openHomePage" finished-at="2020-05-31T03:00:56 PDT" duration-ms="5711" status="PASS">
          <reporter-output>
          </reporter-output>
        </test-method> <!-- openHomePage -->
        <test-method is-config="true" signature="tearDown()[pri:0, instance:tests.HomePageTest@5a56cdac]" started-at="2020-05-31T03:00:56 PDT" name="tearDown" finished-at="2020-05-31T03:00:56 PDT" duration-ms="91" status="PASS">
          <reporter-output>
          </reporter-output>
        </test-method> <!-- tearDown -->
      </class> <!-- tests.HomePageTest -->
    </test> <!-- Surefire test -->
  </suite> <!-- Surefire suite -->
</testng-results>
